* using log directory ‘/Users/zhenmiao/Documents/GitHub/CoPro/CoPro.Rcheck’
* using R version 4.5.2 (2025-10-31)
* using platform: aarch64-apple-darwin20
* R was compiled by
    Apple clang version 16.0.0 (clang-1600.0.26.6)
    GNU Fortran (GCC) 14.2.0
* running under: macOS Tahoe 26.1
* using session charset: UTF-8
* using options ‘--no-manual --as-cran’
* checking for file ‘CoPro/DESCRIPTION’ ... OK
* this is package ‘CoPro’ version ‘0.6.1’
* package encoding: UTF-8
* checking CRAN incoming feasibility ... [10s/33s] NOTE
Maintainer: ‘Zhen Miao <zhenmiao@sas.upenn.edu>’

New submission

Found the following (possibly) invalid URLs:
  URL: https://github.com/Zhen-Miao/CoPro
    From: DESCRIPTION
    Status: 404
    Message: Not Found
  URL: https://github.com/Zhen-Miao/CoPro/issues
    From: DESCRIPTION
    Status: 404
    Message: Not Found
* checking package namespace information ... OK
* checking package dependencies ... OK
* checking if this is a source package ... OK
* checking if there is a namespace ... OK
* checking for executable files ... OK
* checking for hidden files and directories ... OK
* checking for portable file names ... OK
* checking for sufficient/correct file permissions ... OK
* checking serialization versions ... OK
* checking whether package ‘CoPro’ can be installed ... [34s/172s] OK
* checking installed package size ... OK
* checking package directory ... OK
* checking for future file timestamps ... OK
* checking DESCRIPTION meta-information ... OK
* checking top-level files ... OK
* checking for left-over files ... OK
* checking index information ... OK
* checking package subdirectories ... OK
* checking code files for non-ASCII characters ... OK
* checking R files for syntax errors ... OK
* checking whether the package can be loaded ... [5s/33s] OK
* checking whether the package can be loaded with stated dependencies ... [4s/28s] OK
* checking whether the package can be unloaded cleanly ... [5s/25s] OK
* checking whether the namespace can be loaded with stated dependencies ... [4s/21s] OK
* checking whether the namespace can be unloaded cleanly ... [5s/20s] OK
* checking loading without being on the library search path ... [5s/16s] OK
* checking use of S3 registration ... OK
* checking dependencies in R code ... OK
* checking S3 generic/method consistency ... OK
* checking replacement functions ... OK
* checking foreign function calls ... OK
* checking R code for possible problems ... [10s/12s] OK
* checking Rd files ... OK
* checking Rd metadata ... OK
* checking Rd line widths ... OK
* checking Rd cross-references ... OK
* checking for missing documentation entries ... OK
* checking for code/documentation mismatches ... OK
* checking Rd \usage sections ... OK
* checking Rd contents ... OK
* checking for unstated dependencies in examples ... OK
* checking examples ... OK
* checking for unstated dependencies in ‘tests’ ... OK
* checking tests ... OK
  Running ‘testthat.R’
* checking for non-standard things in the check directory ... OK
* checking for detritus in the temp directory ... OK
* DONE
Status: 1 NOTE
